<?xml version="1.0" encoding="UTF-8"?>
<testng-results ignored="0" total="1" passed="1" failed="0" skipped="0">
  <reporter-output>
  </reporter-output>
  <suite started-at="2021-12-28T16:35:24 IST" name="Default suite" finished-at="2021-12-28T16:35:49 IST" duration-ms="25312">
    <groups>
    </groups>
    <test started-at="2021-12-28T16:35:24 IST" name="Default test" finished-at="2021-12-28T16:35:49 IST" duration-ms="25312">
      <class name="CasestudyProject.RegisterTest">
        <test-method signature="visitTest()[pri:0, instance:CasestudyProject.RegisterTest@7c729a55]" started-at="2021-12-28T16:35:24 IST" name="visitTest" finished-at="2021-12-28T16:35:49 IST" duration-ms="25242" status="PASS">
          <reporter-output>
          </reporter-output>
        </test-method> <!-- visitTest -->
      </class> <!-- CasestudyProject.RegisterTest -->
    </test> <!-- Default test -->
  </suite> <!-- Default suite -->
</testng-results>
